<?xml version="1.0" encoding="UTF-8"?>
<testsuite name="ru.nsd.DynamicArrayTest" tests="1" skipped="0" failures="0" errors="0" timestamp="2020-10-01T13:10:11" hostname="mansur-desktop" time="0.001">
  <properties/>
  <testcase name="get" classname="ru.nsd.DynamicArrayTest" time="0.001"/>
  <system-out><![CDATA[]]></system-out>
  <system-err><![CDATA[]]></system-err>
</testsuite>
