<?xml version="1.0" encoding="UTF-8"?>
<testsuite name="ru.nsd.StackOnArrayTest" tests="1" skipped="0" failures="0" errors="0" timestamp="2020-10-01T14:53:43" hostname="mansur-desktop" time="0.001">
  <properties/>
  <testcase name="pop" classname="ru.nsd.StackOnArrayTest" time="0.001"/>
  <system-out><![CDATA[]]></system-out>
  <system-err><![CDATA[]]></system-err>
</testsuite>
