<?xml version="1.0" encoding="UTF-8"?>
<testsuite name="ru.nsd.SinglyLinkedListTest" tests="1" skipped="0" failures="0" errors="0" timestamp="2020-10-12T18:36:16" hostname="mansur-ThinkPad-13-2nd-Gen" time="0.001">
  <properties/>
  <testcase name="delete" classname="ru.nsd.SinglyLinkedListTest" time="0.001"/>
  <system-out><![CDATA[]]></system-out>
  <system-err><![CDATA[]]></system-err>
</testsuite>
